<?xml version="1.0" encoding="UTF-8"?>
<testsuite xmlns:xsi="http://www.w3.org/2001/XMLSchema-instance" xsi:noNamespaceSchemaLocation="https://maven.apache.org/surefire/maven-surefire-plugin/xsd/surefire-test-report-3.0.xsd" version="3.0" name="TestSuite" time="69.836" tests="2" errors="0" skipped="0" failures="0">
  <properties>
    <property name="java.specification.version" value="23"/>
    <property name="sun.cpu.isalist" value="amd64"/>
    <property name="sun.jnu.encoding" value="Cp1252"/>
    <property name="java.class.path" value="D:\TESTING\AutomationProjects\Hybrid\target\test-classes;D:\TESTING\AutomationProjects\Hybrid\target\classes;C:\Users\PublicUsers\.m2\repository\org\seleniumhq\selenium\selenium-java\4.30.0\selenium-java-4.30.0.jar;C:\Users\PublicUsers\.m2\repository\org\seleniumhq\selenium\selenium-api\4.30.0\selenium-api-4.30.0.jar;C:\Users\PublicUsers\.m2\repository\org\jspecify\jspecify\1.0.0\jspecify-1.0.0.jar;C:\Users\PublicUsers\.m2\repository\org\seleniumhq\selenium\selenium-chrome-driver\4.30.0\selenium-chrome-driver-4.30.0.jar;C:\Users\PublicUsers\.m2\repository\com\google\auto\service\auto-service-annotations\1.1.1\auto-service-annotations-1.1.1.jar;C:\Users\PublicUsers\.m2\repository\org\seleniumhq\selenium\selenium-chromium-driver\4.30.0\selenium-chromium-driver-4.30.0.jar;C:\Users\PublicUsers\.m2\repository\org\seleniumhq\selenium\selenium-json\4.30.0\selenium-json-4.30.0.jar;C:\Users\PublicUsers\.m2\repository\org\seleniumhq\selenium\selenium-manager\4.30.0\selenium-manager-4.30.0.jar;C:\Users\PublicUsers\.m2\repository\org\seleniumhq\selenium\selenium-devtools-v132\4.30.0\selenium-devtools-v132-4.30.0.jar;C:\Users\PublicUsers\.m2\repository\org\seleniumhq\selenium\selenium-devtools-v133\4.30.0\selenium-devtools-v133-4.30.0.jar;C:\Users\PublicUsers\.m2\repository\org\seleniumhq\selenium\selenium-devtools-v134\4.30.0\selenium-devtools-v134-4.30.0.jar;C:\Users\PublicUsers\.m2\repository\org\seleniumhq\selenium\selenium-edge-driver\4.30.0\selenium-edge-driver-4.30.0.jar;C:\Users\PublicUsers\.m2\repository\org\seleniumhq\selenium\selenium-firefox-driver\4.30.0\selenium-firefox-driver-4.30.0.jar;C:\Users\PublicUsers\.m2\repository\org\seleniumhq\selenium\selenium-http\4.30.0\selenium-http-4.30.0.jar;C:\Users\PublicUsers\.m2\repository\org\seleniumhq\selenium\selenium-ie-driver\4.30.0\selenium-ie-driver-4.30.0.jar;C:\Users\PublicUsers\.m2\repository\org\seleniumhq\selenium\selenium-remote-driver\4.30.0\selenium-remote-driver-4.30.0.jar;C:\Users\PublicUsers\.m2\repository\com\google\guava\guava\33.4.5-jre\guava-33.4.5-jre.jar;C:\Users\PublicUsers\.m2\repository\com\google\guava\failureaccess\1.0.3\failureaccess-1.0.3.jar;C:\Users\PublicUsers\.m2\repository\com\google\guava\listenablefuture\9999.0-empty-to-avoid-conflict-with-guava\listenablefuture-9999.0-empty-to-avoid-conflict-with-guava.jar;C:\Users\PublicUsers\.m2\repository\com\google\errorprone\error_prone_annotations\2.36.0\error_prone_annotations-2.36.0.jar;C:\Users\PublicUsers\.m2\repository\com\google\j2objc\j2objc-annotations\3.0.0\j2objc-annotations-3.0.0.jar;C:\Users\PublicUsers\.m2\repository\io\opentelemetry\opentelemetry-api\1.48.0\opentelemetry-api-1.48.0.jar;C:\Users\PublicUsers\.m2\repository\io\opentelemetry\opentelemetry-context\1.48.0\opentelemetry-context-1.48.0.jar;C:\Users\PublicUsers\.m2\repository\io\opentelemetry\opentelemetry-exporter-logging\1.48.0\opentelemetry-exporter-logging-1.48.0.jar;C:\Users\PublicUsers\.m2\repository\io\opentelemetry\opentelemetry-sdk-common\1.48.0\opentelemetry-sdk-common-1.48.0.jar;C:\Users\PublicUsers\.m2\repository\io\opentelemetry\opentelemetry-sdk-extension-autoconfigure-spi\1.48.0\opentelemetry-sdk-extension-autoconfigure-spi-1.48.0.jar;C:\Users\PublicUsers\.m2\repository\io\opentelemetry\opentelemetry-sdk-extension-autoconfigure\1.48.0\opentelemetry-sdk-extension-autoconfigure-1.48.0.jar;C:\Users\PublicUsers\.m2\repository\io\opentelemetry\opentelemetry-sdk-trace\1.48.0\opentelemetry-sdk-trace-1.48.0.jar;C:\Users\PublicUsers\.m2\repository\io\opentelemetry\opentelemetry-sdk\1.48.0\opentelemetry-sdk-1.48.0.jar;C:\Users\PublicUsers\.m2\repository\io\opentelemetry\opentelemetry-sdk-metrics\1.48.0\opentelemetry-sdk-metrics-1.48.0.jar;C:\Users\PublicUsers\.m2\repository\io\opentelemetry\opentelemetry-sdk-logs\1.48.0\opentelemetry-sdk-logs-1.48.0.jar;C:\Users\PublicUsers\.m2\repository\net\bytebuddy\byte-buddy\1.17.2\byte-buddy-1.17.2.jar;C:\Users\PublicUsers\.m2\repository\org\seleniumhq\selenium\selenium-os\4.30.0\selenium-os-4.30.0.jar;C:\Users\PublicUsers\.m2\repository\org\apache\commons\commons-exec\1.4.0\commons-exec-1.4.0.jar;C:\Users\PublicUsers\.m2\repository\org\seleniumhq\selenium\selenium-safari-driver\4.30.0\selenium-safari-driver-4.30.0.jar;C:\Users\PublicUsers\.m2\repository\org\seleniumhq\selenium\selenium-support\4.30.0\selenium-support-4.30.0.jar;C:\Users\PublicUsers\.m2\repository\org\testng\testng\7.9.0\testng-7.9.0.jar;C:\Users\PublicUsers\.m2\repository\com\beust\jcommander\1.82\jcommander-1.82.jar;C:\Users\PublicUsers\.m2\repository\org\webjars\jquery\3.7.1\jquery-3.7.1.jar;C:\Users\PublicUsers\.m2\repository\com\relevantcodes\extentreports\2.41.2\extentreports-2.41.2.jar;C:\Users\PublicUsers\.m2\repository\org\jsoup\jsoup\1.8.3\jsoup-1.8.3.jar;C:\Users\PublicUsers\.m2\repository\org\xerial\sqlite-jdbc\3.8.11.1\sqlite-jdbc-3.8.11.1.jar;C:\Users\PublicUsers\.m2\repository\org\mongodb\mongodb-driver\3.0.4\mongodb-driver-3.0.4.jar;C:\Users\PublicUsers\.m2\repository\org\mongodb\bson\3.0.4\bson-3.0.4.jar;C:\Users\PublicUsers\.m2\repository\org\mongodb\mongodb-driver-core\3.0.4\mongodb-driver-core-3.0.4.jar;C:\Users\PublicUsers\.m2\repository\com\aventstack\extentreports\5.1.1\extentreports-5.1.1.jar;C:\Users\PublicUsers\.m2\repository\io\reactivex\rxjava3\rxjava\3.1.6\rxjava-3.1.6.jar;C:\Users\PublicUsers\.m2\repository\org\reactivestreams\reactive-streams\1.0.4\reactive-streams-1.0.4.jar;C:\Users\PublicUsers\.m2\repository\org\projectlombok\lombok\1.18.26\lombok-1.18.26.jar;C:\Users\PublicUsers\.m2\repository\com\google\code\gson\gson\2.10.1\gson-2.10.1.jar;C:\Users\PublicUsers\.m2\repository\tech\grasshopper\pdfextentreporter\1.3.2\pdfextentreporter-1.3.2.jar;C:\Users\PublicUsers\.m2\repository\org\apache\pdfbox\pdfbox\2.0.26\pdfbox-2.0.26.jar;C:\Users\PublicUsers\.m2\repository\org\apache\pdfbox\fontbox\2.0.26\fontbox-2.0.26.jar;C:\Users\PublicUsers\.m2\repository\commons-logging\commons-logging\1.2\commons-logging-1.2.jar;C:\Users\PublicUsers\.m2\repository\org\knowm\xchart\xchart\3.8.0\xchart-3.8.0.jar;C:\Users\PublicUsers\.m2\repository\de\erichseifert\vectorgraphics2d\VectorGraphics2D\0.13\VectorGraphics2D-0.13.jar;C:\Users\PublicUsers\.m2\repository\de\rototor\pdfbox\graphics2d\0.30\graphics2d-0.30.jar;C:\Users\PublicUsers\.m2\repository\com\madgag\animated-gif-lib\1.4\animated-gif-lib-1.4.jar;C:\Users\PublicUsers\.m2\repository\org\yaml\snakeyaml\1.27\snakeyaml-1.27.jar;C:\Users\PublicUsers\.m2\repository\tech\grasshopper\table-layout\1.5.1\table-layout-1.5.1.jar;C:\Users\PublicUsers\.m2\repository\org\freemarker\freemarker\2.3.32\freemarker-2.3.32.jar;C:\Users\PublicUsers\.m2\repository\org\apache\poi\poi\5.2.5\poi-5.2.5.jar;C:\Users\PublicUsers\.m2\repository\commons-codec\commons-codec\1.16.0\commons-codec-1.16.0.jar;C:\Users\PublicUsers\.m2\repository\org\apache\commons\commons-collections4\4.4\commons-collections4-4.4.jar;C:\Users\PublicUsers\.m2\repository\org\apache\commons\commons-math3\3.6.1\commons-math3-3.6.1.jar;C:\Users\PublicUsers\.m2\repository\com\zaxxer\SparseBitSet\1.3\SparseBitSet-1.3.jar;C:\Users\PublicUsers\.m2\repository\org\apache\poi\poi-ooxml\5.2.5\poi-ooxml-5.2.5.jar;C:\Users\PublicUsers\.m2\repository\org\apache\poi\poi-ooxml-lite\5.2.5\poi-ooxml-lite-5.2.5.jar;C:\Users\PublicUsers\.m2\repository\org\apache\xmlbeans\xmlbeans\5.2.0\xmlbeans-5.2.0.jar;C:\Users\PublicUsers\.m2\repository\org\apache\commons\commons-compress\1.25.0\commons-compress-1.25.0.jar;C:\Users\PublicUsers\.m2\repository\com\github\virtuald\curvesapi\1.08\curvesapi-1.08.jar;C:\Users\PublicUsers\.m2\repository\commons-io\commons-io\2.19.0\commons-io-2.19.0.jar;C:\Users\PublicUsers\.m2\repository\org\apache\commons\commons-lang3\3.16.0\commons-lang3-3.16.0.jar;C:\Users\PublicUsers\.m2\repository\org\apache\logging\log4j\log4j-core\2.23.1\log4j-core-2.23.1.jar;C:\Users\PublicUsers\.m2\repository\org\apache\logging\log4j\log4j-api\2.23.1\log4j-api-2.23.1.jar;C:\Users\PublicUsers\.m2\repository\org\apache\logging\log4j\log4j-slf4j-impl\2.23.1\log4j-slf4j-impl-2.23.1.jar;C:\Users\PublicUsers\.m2\repository\org\slf4j\slf4j-api\2.0.13\slf4j-api-2.0.13.jar;C:\Users\PublicUsers\.m2\repository\org\apache\logging\log4j\log4j-slf4j2-impl\2.23.1\log4j-slf4j2-impl-2.23.1.jar;C:\Users\PublicUsers\.m2\repository\io\qameta\allure\allure-testng\2.29.1\allure-testng-2.29.1.jar;C:\Users\PublicUsers\.m2\repository\io\qameta\allure\allure-java-commons\2.29.1\allure-java-commons-2.29.1.jar;C:\Users\PublicUsers\.m2\repository\io\qameta\allure\allure-model\2.29.1\allure-model-2.29.1.jar;C:\Users\PublicUsers\.m2\repository\io\qameta\allure\allure-test-filter\2.29.1\allure-test-filter-2.29.1.jar;"/>
    <property name="java.vm.vendor" value="Oracle Corporation"/>
    <property name="sun.arch.data.model" value="64"/>
    <property name="user.variant" value=""/>
    <property name="java.vendor.url" value="https://java.oracle.com/"/>
    <property name="user.timezone" value="Asia/Calcutta"/>
    <property name="os.name" value="Windows 11"/>
    <property name="java.vm.specification.version" value="23"/>
    <property name="sun.java.launcher" value="SUN_STANDARD"/>
    <property name="user.country" value="IN"/>
    <property name="sun.boot.library.path" value="C:\Program Files\Java\jdk-23\bin"/>
    <property name="sun.java.command" value="C:\Users\PublicUsers\AppData\Local\Temp\surefire11757085910829218547\surefirebooter2398824879193475627.jar C:\Users\PublicUsers\AppData\Local\Temp\surefire11757085910829218547 2025-07-15T15-40-03_290-jvmRun1 surefire1328715477210281764tmp surefire_013887768873990457829tmp"/>
    <property name="jdk.debug" value="release"/>
    <property name="surefire.test.class.path" value="D:\TESTING\AutomationProjects\Hybrid\target\test-classes;D:\TESTING\AutomationProjects\Hybrid\target\classes;C:\Users\PublicUsers\.m2\repository\org\seleniumhq\selenium\selenium-java\4.30.0\selenium-java-4.30.0.jar;C:\Users\PublicUsers\.m2\repository\org\seleniumhq\selenium\selenium-api\4.30.0\selenium-api-4.30.0.jar;C:\Users\PublicUsers\.m2\repository\org\jspecify\jspecify\1.0.0\jspecify-1.0.0.jar;C:\Users\PublicUsers\.m2\repository\org\seleniumhq\selenium\selenium-chrome-driver\4.30.0\selenium-chrome-driver-4.30.0.jar;C:\Users\PublicUsers\.m2\repository\com\google\auto\service\auto-service-annotations\1.1.1\auto-service-annotations-1.1.1.jar;C:\Users\PublicUsers\.m2\repository\org\seleniumhq\selenium\selenium-chromium-driver\4.30.0\selenium-chromium-driver-4.30.0.jar;C:\Users\PublicUsers\.m2\repository\org\seleniumhq\selenium\selenium-json\4.30.0\selenium-json-4.30.0.jar;C:\Users\PublicUsers\.m2\repository\org\seleniumhq\selenium\selenium-manager\4.30.0\selenium-manager-4.30.0.jar;C:\Users\PublicUsers\.m2\repository\org\seleniumhq\selenium\selenium-devtools-v132\4.30.0\selenium-devtools-v132-4.30.0.jar;C:\Users\PublicUsers\.m2\repository\org\seleniumhq\selenium\selenium-devtools-v133\4.30.0\selenium-devtools-v133-4.30.0.jar;C:\Users\PublicUsers\.m2\repository\org\seleniumhq\selenium\selenium-devtools-v134\4.30.0\selenium-devtools-v134-4.30.0.jar;C:\Users\PublicUsers\.m2\repository\org\seleniumhq\selenium\selenium-edge-driver\4.30.0\selenium-edge-driver-4.30.0.jar;C:\Users\PublicUsers\.m2\repository\org\seleniumhq\selenium\selenium-firefox-driver\4.30.0\selenium-firefox-driver-4.30.0.jar;C:\Users\PublicUsers\.m2\repository\org\seleniumhq\selenium\selenium-http\4.30.0\selenium-http-4.30.0.jar;C:\Users\PublicUsers\.m2\repository\org\seleniumhq\selenium\selenium-ie-driver\4.30.0\selenium-ie-driver-4.30.0.jar;C:\Users\PublicUsers\.m2\repository\org\seleniumhq\selenium\selenium-remote-driver\4.30.0\selenium-remote-driver-4.30.0.jar;C:\Users\PublicUsers\.m2\repository\com\google\guava\guava\33.4.5-jre\guava-33.4.5-jre.jar;C:\Users\PublicUsers\.m2\repository\com\google\guava\failureaccess\1.0.3\failureaccess-1.0.3.jar;C:\Users\PublicUsers\.m2\repository\com\google\guava\listenablefuture\9999.0-empty-to-avoid-conflict-with-guava\listenablefuture-9999.0-empty-to-avoid-conflict-with-guava.jar;C:\Users\PublicUsers\.m2\repository\com\google\errorprone\error_prone_annotations\2.36.0\error_prone_annotations-2.36.0.jar;C:\Users\PublicUsers\.m2\repository\com\google\j2objc\j2objc-annotations\3.0.0\j2objc-annotations-3.0.0.jar;C:\Users\PublicUsers\.m2\repository\io\opentelemetry\opentelemetry-api\1.48.0\opentelemetry-api-1.48.0.jar;C:\Users\PublicUsers\.m2\repository\io\opentelemetry\opentelemetry-context\1.48.0\opentelemetry-context-1.48.0.jar;C:\Users\PublicUsers\.m2\repository\io\opentelemetry\opentelemetry-exporter-logging\1.48.0\opentelemetry-exporter-logging-1.48.0.jar;C:\Users\PublicUsers\.m2\repository\io\opentelemetry\opentelemetry-sdk-common\1.48.0\opentelemetry-sdk-common-1.48.0.jar;C:\Users\PublicUsers\.m2\repository\io\opentelemetry\opentelemetry-sdk-extension-autoconfigure-spi\1.48.0\opentelemetry-sdk-extension-autoconfigure-spi-1.48.0.jar;C:\Users\PublicUsers\.m2\repository\io\opentelemetry\opentelemetry-sdk-extension-autoconfigure\1.48.0\opentelemetry-sdk-extension-autoconfigure-1.48.0.jar;C:\Users\PublicUsers\.m2\repository\io\opentelemetry\opentelemetry-sdk-trace\1.48.0\opentelemetry-sdk-trace-1.48.0.jar;C:\Users\PublicUsers\.m2\repository\io\opentelemetry\opentelemetry-sdk\1.48.0\opentelemetry-sdk-1.48.0.jar;C:\Users\PublicUsers\.m2\repository\io\opentelemetry\opentelemetry-sdk-metrics\1.48.0\opentelemetry-sdk-metrics-1.48.0.jar;C:\Users\PublicUsers\.m2\repository\io\opentelemetry\opentelemetry-sdk-logs\1.48.0\opentelemetry-sdk-logs-1.48.0.jar;C:\Users\PublicUsers\.m2\repository\net\bytebuddy\byte-buddy\1.17.2\byte-buddy-1.17.2.jar;C:\Users\PublicUsers\.m2\repository\org\seleniumhq\selenium\selenium-os\4.30.0\selenium-os-4.30.0.jar;C:\Users\PublicUsers\.m2\repository\org\apache\commons\commons-exec\1.4.0\commons-exec-1.4.0.jar;C:\Users\PublicUsers\.m2\repository\org\seleniumhq\selenium\selenium-safari-driver\4.30.0\selenium-safari-driver-4.30.0.jar;C:\Users\PublicUsers\.m2\repository\org\seleniumhq\selenium\selenium-support\4.30.0\selenium-support-4.30.0.jar;C:\Users\PublicUsers\.m2\repository\org\testng\testng\7.9.0\testng-7.9.0.jar;C:\Users\PublicUsers\.m2\repository\com\beust\jcommander\1.82\jcommander-1.82.jar;C:\Users\PublicUsers\.m2\repository\org\webjars\jquery\3.7.1\jquery-3.7.1.jar;C:\Users\PublicUsers\.m2\repository\com\relevantcodes\extentreports\2.41.2\extentreports-2.41.2.jar;C:\Users\PublicUsers\.m2\repository\org\jsoup\jsoup\1.8.3\jsoup-1.8.3.jar;C:\Users\PublicUsers\.m2\repository\org\xerial\sqlite-jdbc\3.8.11.1\sqlite-jdbc-3.8.11.1.jar;C:\Users\PublicUsers\.m2\repository\org\mongodb\mongodb-driver\3.0.4\mongodb-driver-3.0.4.jar;C:\Users\PublicUsers\.m2\repository\org\mongodb\bson\3.0.4\bson-3.0.4.jar;C:\Users\PublicUsers\.m2\repository\org\mongodb\mongodb-driver-core\3.0.4\mongodb-driver-core-3.0.4.jar;C:\Users\PublicUsers\.m2\repository\com\aventstack\extentreports\5.1.1\extentreports-5.1.1.jar;C:\Users\PublicUsers\.m2\repository\io\reactivex\rxjava3\rxjava\3.1.6\rxjava-3.1.6.jar;C:\Users\PublicUsers\.m2\repository\org\reactivestreams\reactive-streams\1.0.4\reactive-streams-1.0.4.jar;C:\Users\PublicUsers\.m2\repository\org\projectlombok\lombok\1.18.26\lombok-1.18.26.jar;C:\Users\PublicUsers\.m2\repository\com\google\code\gson\gson\2.10.1\gson-2.10.1.jar;C:\Users\PublicUsers\.m2\repository\tech\grasshopper\pdfextentreporter\1.3.2\pdfextentreporter-1.3.2.jar;C:\Users\PublicUsers\.m2\repository\org\apache\pdfbox\pdfbox\2.0.26\pdfbox-2.0.26.jar;C:\Users\PublicUsers\.m2\repository\org\apache\pdfbox\fontbox\2.0.26\fontbox-2.0.26.jar;C:\Users\PublicUsers\.m2\repository\commons-logging\commons-logging\1.2\commons-logging-1.2.jar;C:\Users\PublicUsers\.m2\repository\org\knowm\xchart\xchart\3.8.0\xchart-3.8.0.jar;C:\Users\PublicUsers\.m2\repository\de\erichseifert\vectorgraphics2d\VectorGraphics2D\0.13\VectorGraphics2D-0.13.jar;C:\Users\PublicUsers\.m2\repository\de\rototor\pdfbox\graphics2d\0.30\graphics2d-0.30.jar;C:\Users\PublicUsers\.m2\repository\com\madgag\animated-gif-lib\1.4\animated-gif-lib-1.4.jar;C:\Users\PublicUsers\.m2\repository\org\yaml\snakeyaml\1.27\snakeyaml-1.27.jar;C:\Users\PublicUsers\.m2\repository\tech\grasshopper\table-layout\1.5.1\table-layout-1.5.1.jar;C:\Users\PublicUsers\.m2\repository\org\freemarker\freemarker\2.3.32\freemarker-2.3.32.jar;C:\Users\PublicUsers\.m2\repository\org\apache\poi\poi\5.2.5\poi-5.2.5.jar;C:\Users\PublicUsers\.m2\repository\commons-codec\commons-codec\1.16.0\commons-codec-1.16.0.jar;C:\Users\PublicUsers\.m2\repository\org\apache\commons\commons-collections4\4.4\commons-collections4-4.4.jar;C:\Users\PublicUsers\.m2\repository\org\apache\commons\commons-math3\3.6.1\commons-math3-3.6.1.jar;C:\Users\PublicUsers\.m2\repository\com\zaxxer\SparseBitSet\1.3\SparseBitSet-1.3.jar;C:\Users\PublicUsers\.m2\repository\org\apache\poi\poi-ooxml\5.2.5\poi-ooxml-5.2.5.jar;C:\Users\PublicUsers\.m2\repository\org\apache\poi\poi-ooxml-lite\5.2.5\poi-ooxml-lite-5.2.5.jar;C:\Users\PublicUsers\.m2\repository\org\apache\xmlbeans\xmlbeans\5.2.0\xmlbeans-5.2.0.jar;C:\Users\PublicUsers\.m2\repository\org\apache\commons\commons-compress\1.25.0\commons-compress-1.25.0.jar;C:\Users\PublicUsers\.m2\repository\com\github\virtuald\curvesapi\1.08\curvesapi-1.08.jar;C:\Users\PublicUsers\.m2\repository\commons-io\commons-io\2.19.0\commons-io-2.19.0.jar;C:\Users\PublicUsers\.m2\repository\org\apache\commons\commons-lang3\3.16.0\commons-lang3-3.16.0.jar;C:\Users\PublicUsers\.m2\repository\org\apache\logging\log4j\log4j-core\2.23.1\log4j-core-2.23.1.jar;C:\Users\PublicUsers\.m2\repository\org\apache\logging\log4j\log4j-api\2.23.1\log4j-api-2.23.1.jar;C:\Users\PublicUsers\.m2\repository\org\apache\logging\log4j\log4j-slf4j-impl\2.23.1\log4j-slf4j-impl-2.23.1.jar;C:\Users\PublicUsers\.m2\repository\org\slf4j\slf4j-api\2.0.13\slf4j-api-2.0.13.jar;C:\Users\PublicUsers\.m2\repository\org\apache\logging\log4j\log4j-slf4j2-impl\2.23.1\log4j-slf4j2-impl-2.23.1.jar;C:\Users\PublicUsers\.m2\repository\io\qameta\allure\allure-testng\2.29.1\allure-testng-2.29.1.jar;C:\Users\PublicUsers\.m2\repository\io\qameta\allure\allure-java-commons\2.29.1\allure-java-commons-2.29.1.jar;C:\Users\PublicUsers\.m2\repository\io\qameta\allure\allure-model\2.29.1\allure-model-2.29.1.jar;C:\Users\PublicUsers\.m2\repository\io\qameta\allure\allure-test-filter\2.29.1\allure-test-filter-2.29.1.jar;"/>
    <property name="sun.cpu.endian" value="little"/>
    <property name="user.home" value="C:\Users\PublicUsers"/>
    <property name="user.language" value="en"/>
    <property name="java.specification.vendor" value="Oracle Corporation"/>
    <property name="java.version.date" value="2025-01-21"/>
    <property name="java.home" value="C:\Program Files\Java\jdk-23"/>
    <property name="file.separator" value="\"/>
    <property name="basedir" value="D:\TESTING\AutomationProjects\Hybrid"/>
    <property name="java.vm.compressedOopsMode" value="Zero based"/>
    <property name="line.separator" value="&#10;"/>
    <property name="filename" value="Login_TestCase_1.xml"/>
    <property name="java.vm.specification.vendor" value="Oracle Corporation"/>
    <property name="java.specification.name" value="Java Platform API Specification"/>
    <property name="surefire.real.class.path" value="C:\Users\PublicUsers\AppData\Local\Temp\surefire11757085910829218547\surefirebooter2398824879193475627.jar"/>
    <property name="user.script" value=""/>
    <property name="sun.management.compiler" value="HotSpot 64-Bit Tiered Compilers"/>
    <property name="java.runtime.version" value="23.0.2+7-58"/>
    <property name="user.name" value="PublicUsers"/>
    <property name="stdout.encoding" value="Cp1252"/>
    <property name="path.separator" value=";"/>
    <property name="os.version" value="10.0"/>
    <property name="java.runtime.name" value="Java(TM) SE Runtime Environment"/>
    <property name="file.encoding" value="UTF-8"/>
    <property name="java.vm.name" value="Java HotSpot(TM) 64-Bit Server VM"/>
    <property name="localRepository" value="C:\Users\PublicUsers\.m2\repository"/>
    <property name="java.vendor.url.bug" value="https://bugreport.java.com/bugreport/"/>
    <property name="java.io.tmpdir" value="C:\Users\PUBLIC~1\AppData\Local\Temp\"/>
    <property name="java.version" value="23.0.2"/>
    <property name="user.dir" value="D:\TESTING\AutomationProjects\Hybrid"/>
    <property name="os.arch" value="amd64"/>
    <property name="java.vm.specification.name" value="Java Virtual Machine Specification"/>
    <property name="sun.os.patch.level" value=""/>
    <property name="native.encoding" value="Cp1252"/>
    <property name="java.library.path" value="C:\Program Files\Java\jdk-23\bin;C:\WINDOWS\Sun\Java\bin;C:\WINDOWS\system32;C:\WINDOWS;C:\Program Files\Common Files\Oracle\Java\javapath;C:\WINDOWS\system32;C:\WINDOWS;C:\WINDOWS\System32\Wbem;C:\WINDOWS\System32\WindowsPowerShell\v1.0\;C:\WINDOWS\System32\OpenSSH\;C:\Program Files\Java\jdk-23\bin;C:\Maven\bin;C:\Program Files\Android\Android Studio\bin;C:\Users\PublicUsers\AppData\Local\Android\Sdk\build-tools;C:\Users\PublicUsers\AppData\Local\Android\Sdk\platform-tools;C:\allure-2.22.0\bin;C:\Program Files\MySQL\MySQL Shell 8.0\bin\;C:\Users\PublicUsers\AppData\Local\Microsoft\WindowsApps;;."/>
    <property name="java.vm.info" value="mixed mode, sharing"/>
    <property name="stderr.encoding" value="Cp1252"/>
    <property name="java.vendor" value="Oracle Corporation"/>
    <property name="java.vm.version" value="23.0.2+7-58"/>
    <property name="sun.io.unicode.encoding" value="UnicodeLittle"/>
    <property name="java.class.version" value="67.0"/>
  </properties>
  <testcase name="scenario1[Chrome, Admin, admin123](1)" classname="firstproject.Login_TestCase_1" time="30.342">
    <system-out><![CDATA[Loaded properties file. URL is: https://opensource-demo.orangehrmlive.com/web/index.php/auth/login
Chrome Browser Started Successfully
]]></system-out>
    <system-err><![CDATA[Jul 15, 2025 3:40:12 PM org.openqa.selenium.devtools.CdpVersionFinder findNearestMatch
WARNING: Unable to find an exact match for CDP version 138, returning the closest version; found: 134; Please update to a Selenium version that supports CDP version 138
]]></system-err>
  </testcase>
  <testcase name="scenario2" classname="firstproject.Login_TestCase_1" time="28.214">
    <system-out><![CDATA[Browser Quit Scuccessfully
Firefox Browser Started Successfully
]]></system-out>
    <system-err><![CDATA[Jul 15, 2025 3:40:43 PM tech.grasshopper.reporter.annotation.FileAnnotationProcessor lambda$updateAttachments$0
SEVERE: Unable to create file annotation link
java.lang.NullPointerException
	at java.base/java.io.FileInputStream.<init>(FileInputStream.java:151)
	at java.base/java.io.FileInputStream.<init>(FileInputStream.java:112)
	at tech.grasshopper.reporter.annotation.FileAnnotationProcessor.lambda$updateAttachments$0(FileAnnotationProcessor.java:36)
	at java.base/java.util.ArrayList.forEach(ArrayList.java:1597)
	at tech.grasshopper.reporter.annotation.FileAnnotationProcessor.updateAttachments(FileAnnotationProcessor.java:29)
	at tech.grasshopper.reporter.ReportGenerator.processFileAnnotations(ReportGenerator.java:89)
	at tech.grasshopper.reporter.ReportGenerator.generate(ReportGenerator.java:68)
	at tech.grasshopper.reporter.ExtentPDFReporter.flush(ExtentPDFReporter.java:105)
	at tech.grasshopper.reporter.ExtentPDFReporter.access$100(ExtentPDFReporter.java:20)
	at tech.grasshopper.reporter.ExtentPDFReporter$1.onNext(ExtentPDFReporter.java:84)
	at tech.grasshopper.reporter.ExtentPDFReporter$1.onNext(ExtentPDFReporter.java:77)
	at io.reactivex.rxjava3.subjects.PublishSubject$PublishDisposable.onNext(PublishSubject.java:310)
	at io.reactivex.rxjava3.subjects.PublishSubject.onNext(PublishSubject.java:226)
	at com.aventstack.extentreports.ReactiveSubject.onFlush(ReactiveSubject.java:83)
	at com.aventstack.extentreports.AbstractProcessor.onFlush(AbstractProcessor.java:96)
	at com.aventstack.extentreports.ExtentReports.flush(ExtentReports.java:279)
	at utilities.AventStackReport.onFinish(AventStackReport.java:123)
	at firstproject.Login_TestCase_1.browserquit(Login_TestCase_1.java:36)
	at java.base/jdk.internal.reflect.DirectMethodHandleAccessor.invoke(DirectMethodHandleAccessor.java:103)
	at java.base/java.lang.reflect.Method.invoke(Method.java:580)
	at org.testng.internal.invokers.MethodInvocationHelper.invokeMethod(MethodInvocationHelper.java:139)
	at org.testng.internal.invokers.MethodInvocationHelper.invokeMethodConsideringTimeout(MethodInvocationHelper.java:69)
	at org.testng.internal.invokers.ConfigInvoker.invokeConfigurationMethod(ConfigInvoker.java:393)
	at org.testng.internal.invokers.ConfigInvoker.invokeConfigurations(ConfigInvoker.java:326)
	at org.testng.internal.invokers.TestInvoker.runConfigMethods(TestInvoker.java:810)
	at org.testng.internal.invokers.TestInvoker.runAfterConfigurations(TestInvoker.java:779)
	at org.testng.internal.invokers.TestInvoker.invokeMethod(TestInvoker.java:755)
	at org.testng.internal.invokers.TestInvoker.invokeTestMethod(TestInvoker.java:228)
	at org.testng.internal.invokers.MethodRunner.runInSequence(MethodRunner.java:63)
	at org.testng.internal.invokers.TestInvoker$MethodInvocationAgent.invoke(TestInvoker.java:961)
	at org.testng.internal.invokers.TestInvoker.invokeTestMethods(TestInvoker.java:201)
	at org.testng.internal.invokers.TestMethodWorker.invokeTestMethods(TestMethodWorker.java:148)
	at org.testng.internal.invokers.TestMethodWorker.run(TestMethodWorker.java:128)
	at java.base/java.util.ArrayList.forEach(ArrayList.java:1597)
	at org.testng.TestRunner.privateRun(TestRunner.java:819)
	at org.testng.TestRunner.run(TestRunner.java:619)
	at org.testng.SuiteRunner.runTest(SuiteRunner.java:443)
	at org.testng.SuiteRunner.runSequentially(SuiteRunner.java:437)
	at org.testng.SuiteRunner.privateRun(SuiteRunner.java:397)
	at org.testng.SuiteRunner.run(SuiteRunner.java:336)
	at org.testng.SuiteRunnerWorker.runSuite(SuiteRunnerWorker.java:52)
	at org.testng.SuiteRunnerWorker.run(SuiteRunnerWorker.java:95)
	at org.testng.TestNG.runSuitesSequentially(TestNG.java:1301)
	at org.testng.TestNG.runSuitesLocally(TestNG.java:1228)
	at org.testng.TestNG.runSuites(TestNG.java:1134)
	at org.testng.TestNG.run(TestNG.java:1101)
	at org.apache.maven.surefire.testng.TestNGExecutor.run(TestNGExecutor.java:284)
	at org.apache.maven.surefire.testng.TestNGXmlTestSuite.execute(TestNGXmlTestSuite.java:75)
	at org.apache.maven.surefire.testng.TestNGProvider.invoke(TestNGProvider.java:119)
	at org.apache.maven.surefire.booter.ForkedBooter.runSuitesInProcess(ForkedBooter.java:428)
	at org.apache.maven.surefire.booter.ForkedBooter.execute(ForkedBooter.java:162)
	at org.apache.maven.surefire.booter.ForkedBooter.run(ForkedBooter.java:562)
	at org.apache.maven.surefire.booter.ForkedBooter.main(ForkedBooter.java:548)

Jul 15, 2025 3:40:43 PM tech.grasshopper.reporter.annotation.FileAnnotationProcessor lambda$updateAttachments$0
SEVERE: Unable to create file annotation link
java.lang.NullPointerException
	at java.base/java.io.FileInputStream.<init>(FileInputStream.java:151)
	at java.base/java.io.FileInputStream.<init>(FileInputStream.java:112)
	at tech.grasshopper.reporter.annotation.FileAnnotationProcessor.lambda$updateAttachments$0(FileAnnotationProcessor.java:36)
	at java.base/java.util.ArrayList.forEach(ArrayList.java:1597)
	at tech.grasshopper.reporter.annotation.FileAnnotationProcessor.updateAttachments(FileAnnotationProcessor.java:29)
	at tech.grasshopper.reporter.ReportGenerator.processFileAnnotations(ReportGenerator.java:89)
	at tech.grasshopper.reporter.ReportGenerator.generate(ReportGenerator.java:68)
	at tech.grasshopper.reporter.ExtentPDFReporter.flush(ExtentPDFReporter.java:105)
	at tech.grasshopper.reporter.ExtentPDFReporter.access$100(ExtentPDFReporter.java:20)
	at tech.grasshopper.reporter.ExtentPDFReporter$1.onNext(ExtentPDFReporter.java:84)
	at tech.grasshopper.reporter.ExtentPDFReporter$1.onNext(ExtentPDFReporter.java:77)
	at io.reactivex.rxjava3.subjects.PublishSubject$PublishDisposable.onNext(PublishSubject.java:310)
	at io.reactivex.rxjava3.subjects.PublishSubject.onNext(PublishSubject.java:226)
	at com.aventstack.extentreports.ReactiveSubject.onFlush(ReactiveSubject.java:83)
	at com.aventstack.extentreports.AbstractProcessor.onFlush(AbstractProcessor.java:96)
	at com.aventstack.extentreports.ExtentReports.flush(ExtentReports.java:279)
	at utilities.AventStackReport.onFinish(AventStackReport.java:123)
	at firstproject.Login_TestCase_1.browserquit(Login_TestCase_1.java:36)
	at java.base/jdk.internal.reflect.DirectMethodHandleAccessor.invoke(DirectMethodHandleAccessor.java:103)
	at java.base/java.lang.reflect.Method.invoke(Method.java:580)
	at org.testng.internal.invokers.MethodInvocationHelper.invokeMethod(MethodInvocationHelper.java:139)
	at org.testng.internal.invokers.MethodInvocationHelper.invokeMethodConsideringTimeout(MethodInvocationHelper.java:69)
	at org.testng.internal.invokers.ConfigInvoker.invokeConfigurationMethod(ConfigInvoker.java:393)
	at org.testng.internal.invokers.ConfigInvoker.invokeConfigurations(ConfigInvoker.java:326)
	at org.testng.internal.invokers.TestInvoker.runConfigMethods(TestInvoker.java:810)
	at org.testng.internal.invokers.TestInvoker.runAfterConfigurations(TestInvoker.java:779)
	at org.testng.internal.invokers.TestInvoker.invokeMethod(TestInvoker.java:755)
	at org.testng.internal.invokers.TestInvoker.invokeTestMethod(TestInvoker.java:228)
	at org.testng.internal.invokers.MethodRunner.runInSequence(MethodRunner.java:63)
	at org.testng.internal.invokers.TestInvoker$MethodInvocationAgent.invoke(TestInvoker.java:961)
	at org.testng.internal.invokers.TestInvoker.invokeTestMethods(TestInvoker.java:201)
	at org.testng.internal.invokers.TestMethodWorker.invokeTestMethods(TestMethodWorker.java:148)
	at org.testng.internal.invokers.TestMethodWorker.run(TestMethodWorker.java:128)
	at java.base/java.util.ArrayList.forEach(ArrayList.java:1597)
	at org.testng.TestRunner.privateRun(TestRunner.java:819)
	at org.testng.TestRunner.run(TestRunner.java:619)
	at org.testng.SuiteRunner.runTest(SuiteRunner.java:443)
	at org.testng.SuiteRunner.runSequentially(SuiteRunner.java:437)
	at org.testng.SuiteRunner.privateRun(SuiteRunner.java:397)
	at org.testng.SuiteRunner.run(SuiteRunner.java:336)
	at org.testng.SuiteRunnerWorker.runSuite(SuiteRunnerWorker.java:52)
	at org.testng.SuiteRunnerWorker.run(SuiteRunnerWorker.java:95)
	at org.testng.TestNG.runSuitesSequentially(TestNG.java:1301)
	at org.testng.TestNG.runSuitesLocally(TestNG.java:1228)
	at org.testng.TestNG.runSuites(TestNG.java:1134)
	at org.testng.TestNG.run(TestNG.java:1101)
	at org.apache.maven.surefire.testng.TestNGExecutor.run(TestNGExecutor.java:284)
	at org.apache.maven.surefire.testng.TestNGXmlTestSuite.execute(TestNGXmlTestSuite.java:75)
	at org.apache.maven.surefire.testng.TestNGProvider.invoke(TestNGProvider.java:119)
	at org.apache.maven.surefire.booter.ForkedBooter.runSuitesInProcess(ForkedBooter.java:428)
	at org.apache.maven.surefire.booter.ForkedBooter.execute(ForkedBooter.java:162)
	at org.apache.maven.surefire.booter.ForkedBooter.run(ForkedBooter.java:562)
	at org.apache.maven.surefire.booter.ForkedBooter.main(ForkedBooter.java:548)

]]></system-err>
  </testcase>
</testsuite>