<?xml version="1.0" encoding="UTF-8"?>
<!-- Generated by org.testng.reporters.JUnitReportReporter -->
<testsuite hostname="LAPTOP-LFLJDV2O" failures="0" tests="1" name="firstproject.Login_TestCase_3" time="21.712" errors="0" timestamp="2025-06-26T22:20:00 IST" skipped="0">
  <testcase classname="firstproject.Login_TestCase_3" name="scenario3" time="21.712"/>
</testsuite> <!-- firstproject.Login_TestCase_3 -->
