<?xml version="1.0" encoding="UTF-8"?>
<!-- Generated by org.testng.reporters.JUnitReportReporter -->
<testsuite hostname="LAPTOP-LFLJDV2O" failures="0" tests="1" name="sample.Sample" time="2.487" errors="0" timestamp="2025-07-14T17:46:25 IST" skipped="0">
  <testcase classname="sample.Sample" name="GetSheet" time="2.487"/>
</testsuite> <!-- sample.Sample -->
