<?xml version="1.0" encoding="UTF-8"?>
<!-- Generated by org.testng.reporters.JUnitReportReporter -->
<testsuite hostname="LAPTOP-LFLJDV2O" failures="0" tests="1" name="firstproject.Login_TestCase_2" time="45.586" errors="0" timestamp="2025-07-15T15:53:16 IST" skipped="0">
  <testcase classname="firstproject.Login_TestCase_2" name="scenario" time="45.586"/>
</testsuite> <!-- firstproject.Login_TestCase_2 -->
