<?xml version="1.0" encoding="UTF-8"?>
<!-- Generated by org.testng.reporters.JUnitReportReporter -->
<testsuite hostname="LAPTOP-LFLJDV2O" failures="0" tests="2" name="firstproject.Login_TestCase_1" time="65.701" errors="0" timestamp="2025-07-15T15:41:14 IST" skipped="0">
  <testcase classname="firstproject.Login_TestCase_1" name="scenario1" time="34.740"/>
  <testcase classname="firstproject.Login_TestCase_1" name="scenario2" time="30.961"/>
</testsuite> <!-- firstproject.Login_TestCase_1 -->
